<?xml version="1.0" encoding="UTF-8"?>
<!-- Generated by org.testng.reporters.JUnitXMLReporter -->
<testsuite hostname="Sarib-PC" name="Practice" tests="4" failures="0" timestamp="2 Jun 2018 21:31:55 GMT" time="116.285" errors="0">
  <testcase name="testActiveToDoItem" time="21.286" classname="com.darkmatter.test.TodosTestCase"/>
  <testcase name="testClearedCompletedItem" time="15.959" classname="com.darkmatter.test.TodosTestCase"/>
  <testcase name="testCompleteTodoItem" time="15.77" classname="com.darkmatter.test.TodosTestCase"/>
  <testcase name="testCreateTodoList" time="15.39" classname="com.darkmatter.test.TodosTestCase"/>
</testsuite> <!-- Practice -->
