<?xml version="1.0" encoding="UTF-8"?>
<!-- Generated by org.testng.reporters.JUnitXMLReporter -->
<testsuite hostname="Sarib-PC" name="Practice" tests="4" failures="0" timestamp="2 Jun 2018 21:41:53 GMT" time="127.491" errors="0">
  <testcase name="testActiveToDoItem" time="20.719" classname="com.darkmatter.test.TodosTestCase"/>
  <testcase name="testClearedCompletedItem" time="15.988" classname="com.darkmatter.test.TodosTestCase"/>
  <testcase name="testCompleteTodoItem" time="15.81" classname="com.darkmatter.test.TodosTestCase"/>
  <testcase name="testCreateTodoList" time="15.388" classname="com.darkmatter.test.TodosTestCase"/>
</testsuite> <!-- Practice -->
