<?xml version="1.0" encoding="UTF-8"?>
<!-- Generated by org.testng.reporters.JUnitXMLReporter -->
<testsuite hostname="Sarib-PC" name="ToDosTestcases" tests="4" failures="0" timestamp="2 Jun 2018 22:05:30 GMT" time="126.653" errors="0">
  <testcase name="testActiveToDoItem" time="20.838" classname="com.darkmatter.test.TodosTestCase"/>
  <testcase name="testClearedCompletedItem" time="15.899" classname="com.darkmatter.test.TodosTestCase"/>
  <testcase name="testCompleteTodoItem" time="15.727" classname="com.darkmatter.test.TodosTestCase"/>
  <testcase name="testCreateTodoList" time="15.409" classname="com.darkmatter.test.TodosTestCase"/>
</testsuite> <!-- ToDosTestcases -->
