<?xml version="1.0" encoding="UTF-8"?>
<!-- Generated by org.testng.reporters.JUnitXMLReporter -->
<testsuite hostname="Sarib-PC" name="ToDosTestcases1" tests="4" failures="0" timestamp="2 Jun 2018 22:07:26 GMT" time="116.063" errors="0">
  <testcase name="testActiveToDoItem" time="30.655" classname="com.darkmatter.test.TodosTestCase"/>
  <testcase name="testClearedCompletedItem" time="15.652" classname="com.darkmatter.test.TodosTestCase"/>
  <testcase name="testCompleteTodoItem" time="15.665" classname="com.darkmatter.test.TodosTestCase"/>
  <testcase name="testCreateTodoList" time="15.457" classname="com.darkmatter.test.TodosTestCase"/>
</testsuite> <!-- ToDosTestcases1 -->
